\BOOKMARK [1][-]{section.1}{\376\377\000A\000n\000o\000t\000a\000c\000e}{}% 1
\BOOKMARK [1][-]{section.2}{\376\377\000P\001\131\000\355\000p\000r\000a\000v\000a\000\040\000d\000i\000s\000k\001\157}{}% 2
\BOOKMARK [2][-]{subsection.2.1}{\376\377\000S\000o\000u\000b\000o\000r\000o\000v\000\375\000\040\000s\000y\000s\000t\000\351\000m}{section.2}% 3
\BOOKMARK [1][-]{section.3}{\376\377\000S\000t\000a\000g\000e\000\040\000T\000a\000r\000b\000a\000l\000l}{}% 4
\BOOKMARK [2][-]{subsection.3.1}{\376\377\000I\000n\000s\000t\000a\000l\000a\000c\000e\000\040\000a\000r\000c\000h\000i\000v\000u}{section.3}% 5
\BOOKMARK [2][-]{subsection.3.2}{\376\377\000K\000o\000m\000p\000i\000l\000a\000c\000e}{section.3}% 6
\BOOKMARK [3][-]{subsubsection.3.2.1}{\376\377\000F\000l\000a\000g\000s}{subsection.3.2}% 7
\BOOKMARK [2][-]{subsection.3.3}{\376\377\000M\000A\000K\000E\000\040\000O\000p\000e\000r\000a\000c\000e}{section.3}% 8
\BOOKMARK [1][-]{section.4}{\376\377\000N\000o\000v\000\375\000\040\000s\000y\000s\000t\000\351\000m}{}% 9
\BOOKMARK [2][-]{subsection.4.1}{\376\377\000C\000h\000r\000o\000o\000t}{section.4}% 10
\BOOKMARK [2][-]{subsection.4.2}{\376\377\000P\000o\000r\000t\000a\000g\000e}{section.4}% 11
\BOOKMARK [3][-]{subsubsection.4.2.1}{\376\377\000Z\000\341\000k\000l\000a\000d\000n\000\355\000\040\000p\001\131\000\355\000k\000a\000z\000y}{subsection.4.2}% 12
\BOOKMARK [3][-]{subsubsection.4.2.2}{\376\377\000U\000S\000E}{subsection.4.2}% 13
\BOOKMARK [3][-]{subsubsection.4.2.3}{\376\377\000L\000i\000c\000e\000n\000c\000e}{subsection.4.2}% 14
\BOOKMARK [1][-]{section.5}{\376\377\000K\000e\000r\000n\000e\000l}{}% 15
\BOOKMARK [2][-]{subsection.5.1}{\376\377\000S\000c\000h\000e\000d\000u\000l\000e\000r}{section.5}% 16
\BOOKMARK [3][-]{subsubsection.5.1.1}{\376\377\000G\000r\000o\000u\000p\000\040\000s\000c\000h\000e\000d\000u\000l\000i\000n\000g}{subsection.5.1}% 17
\BOOKMARK [3][-]{subsubsection.5.1.2}{\376\377\000T\000a\000s\000k\000\040\000s\000c\000h\000e\000d\000u\000l\000i\000n\000g}{subsection.5.1}% 18
\BOOKMARK [2][-]{subsection.5.2}{\376\377\000F\000i\000r\000m\000w\000a\000r\000e}{section.5}% 19
\BOOKMARK [2][-]{subsection.5.3}{\376\377\000I\000n\000i\000t\000r\000a\000m\000f\000s}{section.5}% 20
\BOOKMARK [2][-]{subsection.5.4}{\376\377\000L\000i\000n\000u\000x\000\040\000K\000e\000r\000n\000e\000l}{section.5}% 21
\BOOKMARK [3][-]{subsubsection.5.4.1}{\376\377\000A\000r\000c\000h\000i\000t\000e\000k\000t\000u\000r\000a}{subsection.5.4}% 22
\BOOKMARK [3][-]{subsubsection.5.4.2}{\376\377\000K\000o\000m\000p\000i\000l\000a\000c\000e}{subsection.5.4}% 23
\BOOKMARK [3][-]{subsubsection.5.4.3}{\376\377\000f\000s\000t\000a\000b}{subsection.5.4}% 24
\BOOKMARK [1][-]{section.6}{\376\377\000N\000e\000t\000w\000o\000r\000k\000i\000n\000g}{}% 25
\BOOKMARK [2][-]{subsection.6.1}{\376\377\000D\000H\000C\000P}{section.6}% 26
\BOOKMARK [2][-]{subsection.6.2}{\376\377\000S\000t\000a\000t\000i\000c\000k\000\341\000\040\000I\000P\000\040\000a\000d\000r\000e\000s\000a}{section.6}% 27
\BOOKMARK [3][-]{subsubsection.6.2.1}{\376\377\000B\000r\000o\000a\000d\000c\000a\000s\000t\000\040\000C\000a\000l\000c\000u\000l\000a\000t\000o\000r}{subsection.6.2}% 28
\BOOKMARK [1][-]{section.7}{\376\377\000S\000l\000u\001\176\000b\000y}{}% 29
